  CppMiniGame.cpp
C:\Users\ASUS\CPP_PL\CppMiniGame\CppMiniGame\CppMiniGame\CppMiniGame.cpp(8,12): warning C4244: 'argument': conversion from 'time_t' to 'unsigned int', possible loss of data
  Game.cpp
C:\Users\ASUS\CPP_PL\CppMiniGame\CppMiniGame\CppMiniGame\Game.cpp(37,93): warning C4244: 'argument': conversion from 'T' to 'float', possible loss of data
          with
          [
              T=unsigned int
          ]
C:\Users\ASUS\CPP_PL\CppMiniGame\CppMiniGame\CppMiniGame\Game.cpp(37,57): warning C4244: 'argument': conversion from 'T' to 'float', possible loss of data
          with
          [
              T=unsigned int
          ]
C:\Users\ASUS\CPP_PL\CppMiniGame\CppMiniGame\CppMiniGame\Game.cpp(68,31): warning C4018: '<': signed/unsigned mismatch
C:\Users\ASUS\CPP_PL\CppMiniGame\CppMiniGame\CppMiniGame\Game.cpp(80,20): warning C4018: '<': signed/unsigned mismatch
C:\Users\ASUS\CPP_PL\CppMiniGame\CppMiniGame\CppMiniGame\Game.cpp(85,20): warning C4018: '<': signed/unsigned mismatch
C:\Users\ASUS\CPP_PL\CppMiniGame\CppMiniGame\CppMiniGame\Game.cpp(110,20): warning C4018: '<': signed/unsigned mismatch
C:\Users\ASUS\CPP_PL\CppMiniGame\CppMiniGame\CppMiniGame\Game.cpp(153,20): warning C4018: '<': signed/unsigned mismatch
  Generating Code...
  CppMiniGame.vcxproj -> C:\Users\ASUS\CPP_PL\CppMiniGame\CppMiniGame\Debug\CppMiniGame.exe
